<?xml version="1.0" encoding="UTF-8"?>
<testsuite name="com.help.roadhelpapp.ExampleUnitTest" tests="1" skipped="0" failures="0" errors="0" timestamp="2025-09-18T12:38:18.855Z" hostname="BAHA-ALP-KAVAF" time="0.003">
  <properties/>
  <testcase name="addition_isCorrect" classname="com.help.roadhelpapp.ExampleUnitTest" time="0.003"/>
  <system-out><![CDATA[]]></system-out>
  <system-err><![CDATA[]]></system-err>
</testsuite>
